Flow report for i2cprobe
Tue May 11 17:34:31 2021
Quartus Prime Version 20.1.1 Build 720 11/11/2020 SJ Lite Edition


---------------------
; Table of Contents ;
---------------------
  1. Legal Notice
  2. Flow Summary
  3. Flow Settings
  4. Flow Non-Default Global Settings
  5. Flow Elapsed Time
  6. Flow OS Summary
  7. Flow Log
  8. Flow Messages
  9. Flow Suppressed Messages



----------------
; Legal Notice ;
----------------
Copyright (C) 2020  Intel Corporation. All rights reserved.
Your use of Intel Corporation's design tools, logic functions 
and other software and tools, and any partner logic 
functions, and any output files from any of the foregoing 
(including device programming or simulation files), and any 
associated documentation or information are expressly subject 
to the terms and conditions of the Intel Program License 
Subscription Agreement, the Intel Quartus Prime License Agreement,
the Intel FPGA IP License Agreement, or other applicable license
agreement, including, without limitation, that your use is for
the sole purpose of programming logic devices manufactured by
Intel and sold by Intel or its authorized distributors.  Please
refer to the applicable agreement for further details, at
https://fpgasoftware.intel.com/eula.



+-------------------------------------------------------------------------------+
; Flow Summary                                                                  ;
+---------------------------------+---------------------------------------------+
; Flow Status                     ; Successful - Tue May 11 17:34:31 2021       ;
; Quartus Prime Version           ; 20.1.1 Build 720 11/11/2020 SJ Lite Edition ;
; Revision Name                   ; i2cprobe                                    ;
; Top-level Entity Name           ; i2cprobe                                    ;
; Family                          ; Cyclone V                                   ;
; Device                          ; 5CSEMA5F31C6                                ;
; Timing Models                   ; Final                                       ;
; Logic utilization (in ALMs)     ; 125 / 32,070 ( < 1 % )                      ;
; Total registers                 ; 177                                         ;
; Total pins                      ; 69 / 457 ( 15 % )                           ;
; Total virtual pins              ; 0                                           ;
; Total block memory bits         ; 4,096 / 4,065,280 ( < 1 % )                 ;
; Total DSP Blocks                ; 0 / 87 ( 0 % )                              ;
; Total HSSI RX PCSs              ; 0                                           ;
; Total HSSI PMA RX Deserializers ; 0                                           ;
; Total HSSI TX PCSs              ; 0                                           ;
; Total HSSI PMA TX Serializers   ; 0                                           ;
; Total PLLs                      ; 1 / 6 ( 17 % )                              ;
; Total DLLs                      ; 0 / 4 ( 0 % )                               ;
+---------------------------------+---------------------------------------------+


+-----------------------------------------+
; Flow Settings                           ;
+-------------------+---------------------+
; Option            ; Setting             ;
+-------------------+---------------------+
; Start date & time ; 05/11/2021 17:33:21 ;
; Main task         ; Compilation         ;
; Revision Name     ; i2cprobe            ;
+-------------------+---------------------+


+-----------------------------------------------------------------------------------------------------------------------------------------------------------------------+
; Flow Non-Default Global Settings                                                                                                                                      ;
+-------------------------------------+----------------------------------------+--------------------------------------+-------------+-----------------------------------+
; Assignment Name                     ; Value                                  ; Default Value                        ; Entity Name ; Section Id                        ;
+-------------------------------------+----------------------------------------+--------------------------------------+-------------+-----------------------------------+
; ADV_NETLIST_OPT_SYNTH_WYSIWYG_REMAP ; On                                     ; Off                                  ; --          ; --                                ;
; AUTO_SHIFT_REGISTER_RECOGNITION     ; Always                                 ; Auto                                 ; --          ; --                                ;
; COMPILER_SIGNATURE_ID               ; 207120307610360.162072200164714        ; --                                   ; --          ; --                                ;
; EDA_GENERATE_FUNCTIONAL_NETLIST     ; Off                                    ; --                                   ; --          ; eda_board_design_timing           ;
; EDA_GENERATE_FUNCTIONAL_NETLIST     ; Off                                    ; --                                   ; --          ; eda_board_design_boundary_scan    ;
; EDA_GENERATE_FUNCTIONAL_NETLIST     ; Off                                    ; --                                   ; --          ; eda_board_design_signal_integrity ;
; EDA_GENERATE_FUNCTIONAL_NETLIST     ; Off                                    ; --                                   ; --          ; eda_board_design_symbol           ;
; EDA_OUTPUT_DATA_FORMAT              ; Vhdl                                   ; --                                   ; --          ; eda_simulation                    ;
; EDA_SIMULATION_TOOL                 ; ModelSim-Altera (VHDL)                 ; <None>                               ; --          ; --                                ;
; EDA_TIME_SCALE                      ; 1 ps                                   ; --                                   ; --          ; eda_simulation                    ;
; ENABLE_LOGIC_ANALYZER_INTERFACE     ; Off                                    ; --                                   ; --          ; --                                ;
; ENABLE_SIGNALTAP                    ; Off                                    ; --                                   ; --          ; --                                ;
; MAX_CORE_JUNCTION_TEMP              ; 85                                     ; --                                   ; --          ; --                                ;
; MIN_CORE_JUNCTION_TEMP              ; 0                                      ; --                                   ; --          ; --                                ;
; MISC_FILE                           ; pll.cmp                                ; --                                   ; --          ; --                                ;
; MISC_FILE                           ; pll_sim/pll.vho                        ; --                                   ; --          ; --                                ;
; MISC_FILE                           ; ram_inst.vhd                           ; --                                   ; --          ; --                                ;
; MISC_FILE                           ; ram.cmp                                ; --                                   ; --          ; --                                ;
; NUM_PARALLEL_PROCESSORS             ; 4                                      ; --                                   ; --          ; --                                ;
; OPTIMIZATION_TECHNIQUE              ; Area                                   ; Balanced                             ; --          ; --                                ;
; OUTPUT_IO_TIMING_FAR_END_VMEAS      ; Half Signal Swing                      ; --                                   ; --          ; --                                ;
; OUTPUT_IO_TIMING_FAR_END_VMEAS      ; Half Signal Swing                      ; --                                   ; --          ; --                                ;
; OUTPUT_IO_TIMING_NEAR_END_VMEAS     ; Half Vccio                             ; --                                   ; --          ; --                                ;
; OUTPUT_IO_TIMING_NEAR_END_VMEAS     ; Half Vccio                             ; --                                   ; --          ; --                                ;
; PARTITION_COLOR                     ; -- (Not supported for targeted family) ; --                                   ; --          ; Top                               ;
; PARTITION_FITTER_PRESERVATION_LEVEL ; -- (Not supported for targeted family) ; --                                   ; --          ; Top                               ;
; PARTITION_NETLIST_TYPE              ; -- (Not supported for targeted family) ; --                                   ; --          ; Top                               ;
; POWER_BOARD_THERMAL_MODEL           ; None (CONSERVATIVE)                    ; --                                   ; --          ; --                                ;
; POWER_PRESET_COOLING_SOLUTION       ; 23 MM HEAT SINK WITH 200 LFPM AIRFLOW  ; --                                   ; --          ; --                                ;
; PROJECT_IP_REGENERATION_POLICY      ; ALWAYS_REGENERATE_IP                   ; SKIP_REGENERATING_IP_IF_HDL_MODIFIED ; --          ; --                                ;
; PROJECT_OUTPUT_DIRECTORY            ; output_files                           ; --                                   ; --          ; --                                ;
; SMART_RECOMPILE                     ; On                                     ; Off                                  ; --          ; --                                ;
; SPD_FILE                            ; pll.spd                                ; --                                   ; --          ; --                                ;
; SYNTHESIS_ONLY_QIP                  ; On                                     ; --                                   ; --          ; --                                ;
; USE_SIGNALTAP_FILE                  ; stp1.stp                               ; --                                   ; --          ; --                                ;
+-------------------------------------+----------------------------------------+--------------------------------------+-------------+-----------------------------------+


+--------------------------------------------------------------------------------------------------------------------------+
; Flow Elapsed Time                                                                                                        ;
+----------------------+--------------+-------------------------+---------------------+------------------------------------+
; Module Name          ; Elapsed Time ; Average Processors Used ; Peak Virtual Memory ; Total CPU Time (on all processors) ;
+----------------------+--------------+-------------------------+---------------------+------------------------------------+
; Analysis & Synthesis ; 00:00:10     ; 1.0                     ; 507 MB              ; 00:00:23                           ;
; Fitter               ; 00:00:40     ; 1.0                     ; 1930 MB             ; 00:01:10                           ;
; Assembler            ; 00:00:09     ; 1.0                     ; 504 MB              ; 00:00:08                           ;
; Timing Analyzer      ; 00:00:07     ; 1.2                     ; 867 MB              ; 00:00:07                           ;
; EDA Netlist Writer   ; 00:00:01     ; 1.0                     ; 785 MB              ; 00:00:01                           ;
; Total                ; 00:01:07     ; --                      ; --                  ; 00:01:49                           ;
+----------------------+--------------+-------------------------+---------------------+------------------------------------+


+----------------------------------------------------------------------------------------+
; Flow OS Summary                                                                        ;
+----------------------+------------------+----------------+------------+----------------+
; Module Name          ; Machine Hostname ; OS Name        ; OS Version ; Processor type ;
+----------------------+------------------+----------------+------------+----------------+
; Analysis & Synthesis ; mitohostlinux    ; Ubuntu 20.04.2 ; 20         ; x86_64         ;
; Fitter               ; mitohostlinux    ; Ubuntu 20.04.2 ; 20         ; x86_64         ;
; Assembler            ; mitohostlinux    ; Ubuntu 20.04.2 ; 20         ; x86_64         ;
; Timing Analyzer      ; mitohostlinux    ; Ubuntu 20.04.2 ; 20         ; x86_64         ;
; EDA Netlist Writer   ; mitohostlinux    ; Ubuntu 20.04.2 ; 20         ; x86_64         ;
+----------------------+------------------+----------------+------------+----------------+


------------
; Flow Log ;
------------
quartus_map --read_settings_files=on --write_settings_files=off i2cprobe -c i2cprobe
quartus_fit --read_settings_files=off --write_settings_files=off i2cprobe -c i2cprobe
quartus_asm --read_settings_files=off --write_settings_files=off i2cprobe -c i2cprobe
quartus_sta i2cprobe -c i2cprobe
quartus_eda --read_settings_files=off --write_settings_files=off i2cprobe -c i2cprobe



